2024-12-17T20:38:14-0500 - flaskr - ERROR - Request finalizing failed with an error while handling an error
Traceback (most recent call last):
  File "/Users/mattgacek/Desktop/SE1/Team2/venv/lib/python3.13/site-packages/flask/app.py", line 1511, in wsgi_app
    response = self.full_dispatch_request()
  File "/Users/mattgacek/Desktop/SE1/Team2/venv/lib/python3.13/site-packages/flask/app.py", line 919, in full_dispatch_request
    rv = self.handle_user_exception(e)
  File "/Users/mattgacek/Desktop/SE1/Team2/venv/lib/python3.13/site-packages/flask/app.py", line 915, in full_dispatch_request
    rv = self.preprocess_request()
  File "/Users/mattgacek/Desktop/SE1/Team2/venv/lib/python3.13/site-packages/flask/app.py", line 1291, in preprocess_request
    rv = self.ensure_sync(before_func)()
  File "/Users/mattgacek/Desktop/SE1/Team2/flaskr/__init__.py", line 92, in before_request
    from .logging_utils import log_request
ImportError: cannot import name 'log_request' from 'flaskr.logging_utils' (/Users/mattgacek/Desktop/SE1/Team2/flaskr/logging_utils.py)

During handling of the above exception, another exception occurred:

Traceback (most recent call last):
  File "/Users/mattgacek/Desktop/SE1/Team2/venv/lib/python3.13/site-packages/flask/app.py", line 941, in finalize_request
    response = self.process_response(response)
  File "/Users/mattgacek/Desktop/SE1/Team2/venv/lib/python3.13/site-packages/flask/app.py", line 1319, in process_response
    response = self.ensure_sync(func)(response)
  File "/Users/mattgacek/Desktop/SE1/Team2/flaskr/__init__.py", line 97, in after_request
    from .logging_utils import log_response
ImportError: cannot import name 'log_response' from 'flaskr.logging_utils' (/Users/mattgacek/Desktop/SE1/Team2/flaskr/logging_utils.py)
2024-12-17T20:38:14-0500 - flaskr - ERROR - Exception on /static/style.css [GET]
Traceback (most recent call last):
  File "/Users/mattgacek/Desktop/SE1/Team2/venv/lib/python3.13/site-packages/flask/app.py", line 1511, in wsgi_app
    response = self.full_dispatch_request()
  File "/Users/mattgacek/Desktop/SE1/Team2/venv/lib/python3.13/site-packages/flask/app.py", line 919, in full_dispatch_request
    rv = self.handle_user_exception(e)
  File "/Users/mattgacek/Desktop/SE1/Team2/venv/lib/python3.13/site-packages/flask/app.py", line 915, in full_dispatch_request
    rv = self.preprocess_request()
  File "/Users/mattgacek/Desktop/SE1/Team2/venv/lib/python3.13/site-packages/flask/app.py", line 1291, in preprocess_request
    rv = self.ensure_sync(before_func)()
  File "/Users/mattgacek/Desktop/SE1/Team2/flaskr/__init__.py", line 92, in before_request
    from .logging_utils import log_request
ImportError: cannot import name 'log_request' from 'flaskr.logging_utils' (/Users/mattgacek/Desktop/SE1/Team2/flaskr/logging_utils.py)
2024-12-17T20:38:14-0500 - flaskr - ERROR - Request finalizing failed with an error while handling an error
Traceback (most recent call last):
  File "/Users/mattgacek/Desktop/SE1/Team2/venv/lib/python3.13/site-packages/flask/app.py", line 1511, in wsgi_app
    response = self.full_dispatch_request()
  File "/Users/mattgacek/Desktop/SE1/Team2/venv/lib/python3.13/site-packages/flask/app.py", line 919, in full_dispatch_request
    rv = self.handle_user_exception(e)
  File "/Users/mattgacek/Desktop/SE1/Team2/venv/lib/python3.13/site-packages/flask/app.py", line 915, in full_dispatch_request
    rv = self.preprocess_request()
  File "/Users/mattgacek/Desktop/SE1/Team2/venv/lib/python3.13/site-packages/flask/app.py", line 1291, in preprocess_request
    rv = self.ensure_sync(before_func)()
  File "/Users/mattgacek/Desktop/SE1/Team2/flaskr/__init__.py", line 92, in before_request
    from .logging_utils import log_request
ImportError: cannot import name 'log_request' from 'flaskr.logging_utils' (/Users/mattgacek/Desktop/SE1/Team2/flaskr/logging_utils.py)

During handling of the above exception, another exception occurred:

Traceback (most recent call last):
  File "/Users/mattgacek/Desktop/SE1/Team2/venv/lib/python3.13/site-packages/flask/app.py", line 941, in finalize_request
    response = self.process_response(response)
  File "/Users/mattgacek/Desktop/SE1/Team2/venv/lib/python3.13/site-packages/flask/app.py", line 1319, in process_response
    response = self.ensure_sync(func)(response)
  File "/Users/mattgacek/Desktop/SE1/Team2/flaskr/__init__.py", line 97, in after_request
    from .logging_utils import log_response
ImportError: cannot import name 'log_response' from 'flaskr.logging_utils' (/Users/mattgacek/Desktop/SE1/Team2/flaskr/logging_utils.py)
2024-12-17T20:38:44-0500 - flaskr - INFO - Logging setup complete.
2024-12-17T20:38:44-0500 - flaskr - INFO - Application starting up
2024-12-17T20:39:37-0500 - flaskr - INFO - Logging setup complete.
2024-12-17T20:39:37-0500 - flaskr - INFO - Application starting up
2024-12-17T20:39:40-0500 - flaskr - INFO - Logging setup complete.
2024-12-17T20:39:40-0500 - flaskr - INFO - Application starting up
2024-12-17T20:40:33-0500 - flaskr - INFO - Logging setup complete.
2024-12-17T20:40:33-0500 - flaskr - INFO - Application starting up
2024-12-17T20:40:38-0500 - flaskr - INFO - User logged in: test@gmail.com
2024-12-17T20:48:29-0500 - flaskr - INFO - Logging setup complete.
2024-12-17T20:48:37-0500 - flaskr - INFO - Logging setup complete.
2024-12-17T20:48:40-0500 - flaskr - INFO - Logging setup complete.
2024-12-17T20:49:28-0500 - flaskr - INFO - Logging setup complete.
2024-12-17T20:49:28-0500 - flaskr - INFO - Application starting up
2024-12-17T20:49:40-0500 - flaskr - INFO - Logging setup complete.
2024-12-17T20:49:40-0500 - flaskr - INFO - Application starting up
2024-12-17T20:50:07-0500 - flaskr - INFO - Logging setup complete.
2024-12-17T20:50:07-0500 - flaskr - INFO - Application starting up
2024-12-17T20:50:14-0500 - flaskr - INFO - Logging setup complete.
2024-12-17T20:50:14-0500 - flaskr - INFO - Application starting up
2024-12-17T20:50:17-0500 - flaskr - INFO - Logging setup complete.
2024-12-17T20:50:17-0500 - flaskr - INFO - Application starting up
2024-12-17T20:50:20-0500 - flaskr - INFO - Logging setup complete.
2024-12-17T20:50:20-0500 - flaskr - INFO - Application starting up
2024-12-17T20:51:28-0500 - flaskr - INFO - Logging setup complete.
2024-12-17T20:51:28-0500 - flaskr - INFO - Application starting up
2024-12-17T20:51:31-0500 - flaskr - INFO - Logging setup complete.
2024-12-17T20:51:31-0500 - flaskr - INFO - Application starting up
2024-12-17T20:51:34-0500 - flaskr - INFO - Logging setup complete.
2024-12-17T20:51:34-0500 - flaskr - INFO - Application starting up
2024-12-17T20:51:45-0500 - flaskr - INFO - User logged in: test@test.com
2024-12-17T20:52:37-0500 - flaskr - ERROR - Exception on /moderator/dashboard [GET]
Traceback (most recent call last):
  File "/Users/mattgacek/Desktop/SE1/Team2/venv/lib/python3.13/site-packages/flask/app.py", line 1511, in wsgi_app
    response = self.full_dispatch_request()
  File "/Users/mattgacek/Desktop/SE1/Team2/venv/lib/python3.13/site-packages/flask/app.py", line 919, in full_dispatch_request
    rv = self.handle_user_exception(e)
  File "/Users/mattgacek/Desktop/SE1/Team2/venv/lib/python3.13/site-packages/flask/app.py", line 917, in full_dispatch_request
    rv = self.dispatch_request()
  File "/Users/mattgacek/Desktop/SE1/Team2/venv/lib/python3.13/site-packages/flask/app.py", line 902, in dispatch_request
    return self.ensure_sync(self.view_functions[rule.endpoint])(**view_args)  # type: ignore[no-any-return]
           ~~~~~~~~~~~~~~~~~~~~~~~~~~~~~~~~~~~~~~~~~~~~~~~~~~~~^^^^^^^^^^^^^
  File "/Users/mattgacek/Desktop/SE1/Team2/flaskr/auth.py", line 109, in wrapped_view
    if g.user['role'] != 'Moderator':
       ~~~~~~^^^^^^^^
IndexError: No item with that key
2024-12-17T20:53:07-0500 - flaskr - INFO - Logging setup complete.
2024-12-17T20:53:07-0500 - flaskr - INFO - Application starting up
2024-12-17T20:56:22-0500 - flaskr - INFO - Logging setup complete.
2024-12-17T20:56:22-0500 - flaskr - INFO - Application starting up
2024-12-17T20:56:34-0500 - flaskr - INFO - User logged in: test@test.com
2024-12-17T20:57:59-0500 - flaskr - INFO - Logging setup complete.
2024-12-17T20:57:59-0500 - flaskr - INFO - Application starting up
2024-12-17T20:58:08-0500 - flaskr - INFO - User logged in: test@test.com
2024-12-17T21:03:10-0500 - flaskr - INFO - Logging setup complete.
2024-12-17T21:03:10-0500 - flaskr - INFO - Application starting up
